2021-06-11T14:57:21.291+0800	[34mINFO[0m	engine/engine.go:402	=====> 初始化数据库连接
2021-06-11T14:57:21.306+0800	[34mINFO[0m	engine/engine.go:402	=====> 初始化配置
2021-06-11T15:01:54.767+0800	[34mINFO[0m	engine/engine.go:402	=====> 初始化数据库连接
2021-06-11T15:01:54.770+0800	[34mINFO[0m	engine/engine.go:402	=====> 初始化配置
2021-06-11T15:24:06.537+0800	[34mINFO[0m	engine/engine.go:402	=====> 初始化数据库连接
2021-06-11T15:24:06.541+0800	[34mINFO[0m	engine/engine.go:402	=====> 初始化配置
2021-06-11T15:24:47.195+0800	[34mINFO[0m	engine/engine.go:402	=====> 初始化数据库连接
2021-06-11T15:24:47.199+0800	[34mINFO[0m	engine/engine.go:402	=====> 初始化配置
2021-06-11T15:24:47.247+0800	[34mINFO[0m	engine/engine.go:402	=====> 初始化导航栏按钮
2021-06-11T15:24:47.247+0800	[34mINFO[0m	engine/engine.go:402	=====> 初始化插件
2021-06-11T15:24:47.247+0800	[34mINFO[0m	engine/engine.go:402	=====> 初始化成功🍺🍺
2021-06-11T15:34:34.331+0800	[34mINFO[0m	engine/engine.go:402	=====> 初始化数据库连接
2021-06-11T15:34:34.335+0800	[34mINFO[0m	engine/engine.go:402	=====> 初始化配置
2021-06-11T15:34:34.339+0800	[34mINFO[0m	engine/engine.go:402	=====> 初始化导航栏按钮
2021-06-11T15:34:34.340+0800	[34mINFO[0m	engine/engine.go:402	=====> 初始化插件
2021-06-11T15:34:34.340+0800	[34mINFO[0m	engine/engine.go:402	=====> 初始化成功🍺🍺
2021-06-11T15:36:15.739+0800	[34mINFO[0m	engine/engine.go:402	=====> 初始化数据库连接
2021-06-11T15:36:15.743+0800	[34mINFO[0m	engine/engine.go:402	=====> 初始化配置
2021-06-11T15:36:15.747+0800	[34mINFO[0m	engine/engine.go:402	=====> 初始化导航栏按钮
2021-06-11T15:36:15.747+0800	[34mINFO[0m	engine/engine.go:402	=====> 初始化插件
2021-06-11T15:36:15.747+0800	[34mINFO[0m	engine/engine.go:402	=====> 初始化成功🍺🍺
2021-06-11T15:37:53.836+0800	[34mINFO[0m	engine/engine.go:402	=====> 初始化数据库连接
2021-06-11T15:37:53.840+0800	[34mINFO[0m	engine/engine.go:402	=====> 初始化配置
2021-06-11T15:37:53.844+0800	[34mINFO[0m	engine/engine.go:402	=====> 初始化导航栏按钮
2021-06-11T15:37:53.844+0800	[34mINFO[0m	engine/engine.go:402	=====> 初始化插件
2021-06-11T15:37:53.844+0800	[34mINFO[0m	engine/engine.go:402	=====> 初始化成功🍺🍺
2021-06-11T15:58:18.850+0800	[34mINFO[0m	engine/engine.go:402	=====> 初始化数据库连接
2021-06-11T15:58:18.853+0800	[34mINFO[0m	engine/engine.go:402	=====> 初始化配置
2021-06-11T15:58:18.858+0800	[34mINFO[0m	engine/engine.go:402	=====> 初始化导航栏按钮
2021-06-11T15:58:18.859+0800	[34mINFO[0m	engine/engine.go:402	=====> 初始化插件
2021-06-11T15:58:18.859+0800	[34mINFO[0m	engine/engine.go:402	=====> 初始化成功🍺🍺
2021-06-11T16:00:09.809+0800	[34mINFO[0m	engine/engine.go:402	=====> 初始化数据库连接
2021-06-11T16:00:09.812+0800	[34mINFO[0m	engine/engine.go:402	=====> 初始化配置
2021-06-11T16:00:09.817+0800	[34mINFO[0m	engine/engine.go:402	=====> 初始化导航栏按钮
2021-06-11T16:00:09.817+0800	[34mINFO[0m	engine/engine.go:402	=====> 初始化插件
2021-06-11T16:00:09.817+0800	[34mINFO[0m	engine/engine.go:402	=====> 初始化成功🍺🍺
2021-06-11T16:02:12.327+0800	[34mINFO[0m	engine/engine.go:402	=====> 初始化数据库连接
2021-06-11T16:02:12.331+0800	[34mINFO[0m	engine/engine.go:402	=====> 初始化配置
2021-06-11T16:02:12.335+0800	[34mINFO[0m	engine/engine.go:402	=====> 初始化导航栏按钮
2021-06-11T16:02:12.336+0800	[34mINFO[0m	engine/engine.go:402	=====> 初始化插件
2021-06-11T16:02:12.336+0800	[34mINFO[0m	engine/engine.go:402	=====> 初始化成功🍺🍺
2021-06-11T18:59:32.148+0800	[34mINFO[0m	engine/engine.go:402	=====> 初始化数据库连接
2021-06-11T18:59:32.151+0800	[34mINFO[0m	engine/engine.go:402	=====> 初始化配置
2021-06-11T18:59:32.154+0800	[34mINFO[0m	engine/engine.go:402	=====> 初始化导航栏按钮
2021-06-11T18:59:32.154+0800	[34mINFO[0m	engine/engine.go:402	=====> 初始化插件
2021-06-11T18:59:32.154+0800	[34mINFO[0m	engine/engine.go:402	=====> 初始化成功🍺🍺
2021-06-11T19:17:58.968+0800	[34mINFO[0m	engine/engine.go:402	=====> 初始化数据库连接
2021-06-11T19:17:58.971+0800	[34mINFO[0m	engine/engine.go:402	=====> 初始化配置
2021-06-11T19:17:58.972+0800	[34mINFO[0m	engine/engine.go:402	=====> 初始化导航栏按钮
2021-06-11T19:17:58.972+0800	[34mINFO[0m	engine/engine.go:402	=====> 初始化插件
2021-06-11T19:17:58.972+0800	[34mINFO[0m	engine/engine.go:402	=====> 初始化成功🍺🍺
2021-06-11T19:19:18.819+0800	[34mINFO[0m	engine/engine.go:402	=====> 初始化数据库连接
2021-06-11T19:19:18.822+0800	[34mINFO[0m	engine/engine.go:402	=====> 初始化配置
2021-06-11T19:19:18.824+0800	[34mINFO[0m	engine/engine.go:402	=====> 初始化导航栏按钮
2021-06-11T19:19:18.824+0800	[34mINFO[0m	engine/engine.go:402	=====> 初始化插件
2021-06-11T19:19:18.824+0800	[34mINFO[0m	engine/engine.go:402	=====> 初始化成功🍺🍺
2021-06-11T19:20:42.667+0800	[34mINFO[0m	engine/engine.go:402	=====> 初始化数据库连接
2021-06-11T19:20:42.671+0800	[34mINFO[0m	engine/engine.go:402	=====> 初始化配置
2021-06-11T19:20:42.672+0800	[34mINFO[0m	engine/engine.go:402	=====> 初始化导航栏按钮
2021-06-11T19:20:42.672+0800	[34mINFO[0m	engine/engine.go:402	=====> 初始化插件
2021-06-11T19:20:42.672+0800	[34mINFO[0m	engine/engine.go:402	=====> 初始化成功🍺🍺
2021-06-11T19:21:26.548+0800	[34mINFO[0m	engine/engine.go:402	=====> 初始化数据库连接
2021-06-11T19:21:26.551+0800	[34mINFO[0m	engine/engine.go:402	=====> 初始化配置
2021-06-11T19:21:26.553+0800	[34mINFO[0m	engine/engine.go:402	=====> 初始化导航栏按钮
2021-06-11T19:21:26.554+0800	[34mINFO[0m	engine/engine.go:402	=====> 初始化插件
2021-06-11T19:21:26.554+0800	[34mINFO[0m	engine/engine.go:402	=====> 初始化成功🍺🍺
2021-06-11T19:57:16.322+0800	[34mINFO[0m	engine/engine.go:402	=====> 初始化数据库连接
2021-06-11T19:57:16.326+0800	[34mINFO[0m	engine/engine.go:402	=====> 初始化配置
2021-06-11T19:57:16.328+0800	[34mINFO[0m	engine/engine.go:402	=====> 初始化导航栏按钮
2021-06-11T19:57:16.328+0800	[34mINFO[0m	engine/engine.go:402	=====> 初始化插件
2021-06-11T19:57:16.328+0800	[34mINFO[0m	engine/engine.go:402	=====> 初始化成功🍺🍺
2021-06-11T19:57:32.756+0800	[34mINFO[0m	engine/engine.go:402	=====> 初始化数据库连接
2021-06-11T19:57:32.760+0800	[34mINFO[0m	engine/engine.go:402	=====> 初始化配置
2021-06-11T19:57:32.762+0800	[34mINFO[0m	engine/engine.go:402	=====> 初始化导航栏按钮
2021-06-11T19:57:32.762+0800	[34mINFO[0m	engine/engine.go:402	=====> 初始化插件
2021-06-11T19:57:32.762+0800	[34mINFO[0m	engine/engine.go:402	=====> 初始化成功🍺🍺
2021-06-11T19:59:48.011+0800	[34mINFO[0m	engine/engine.go:402	=====> 初始化数据库连接
2021-06-11T19:59:48.013+0800	[34mINFO[0m	engine/engine.go:402	=====> 初始化配置
2021-06-11T19:59:48.015+0800	[34mINFO[0m	engine/engine.go:402	=====> 初始化导航栏按钮
2021-06-11T19:59:48.015+0800	[34mINFO[0m	engine/engine.go:402	=====> 初始化插件
2021-06-11T19:59:48.015+0800	[34mINFO[0m	engine/engine.go:402	=====> 初始化成功🍺🍺
2021-06-11T20:00:29.066+0800	[34mINFO[0m	engine/engine.go:402	=====> 初始化数据库连接
2021-06-11T20:00:29.070+0800	[34mINFO[0m	engine/engine.go:402	=====> 初始化配置
2021-06-11T20:00:29.074+0800	[34mINFO[0m	engine/engine.go:402	=====> 初始化导航栏按钮
2021-06-11T20:00:29.074+0800	[34mINFO[0m	engine/engine.go:402	=====> 初始化插件
2021-06-11T20:00:29.074+0800	[34mINFO[0m	engine/engine.go:402	=====> 初始化成功🍺🍺
2021-06-11T20:16:51.687+0800	[34mINFO[0m	engine/engine.go:402	=====> 初始化数据库连接
2021-06-11T20:16:51.691+0800	[34mINFO[0m	engine/engine.go:402	=====> 初始化配置
2021-06-11T20:16:51.696+0800	[34mINFO[0m	engine/engine.go:402	=====> 初始化导航栏按钮
2021-06-11T20:16:51.696+0800	[34mINFO[0m	engine/engine.go:402	=====> 初始化插件
2021-06-11T20:16:51.696+0800	[34mINFO[0m	engine/engine.go:402	=====> 初始化成功🍺🍺
2021-06-11T20:18:30.731+0800	[34mINFO[0m	engine/engine.go:402	=====> 初始化数据库连接
2021-06-11T20:18:30.735+0800	[34mINFO[0m	engine/engine.go:402	=====> 初始化配置
2021-06-11T20:18:30.738+0800	[34mINFO[0m	engine/engine.go:402	=====> 初始化导航栏按钮
2021-06-11T20:18:30.739+0800	[34mINFO[0m	engine/engine.go:402	=====> 初始化插件
2021-06-11T20:18:30.739+0800	[34mINFO[0m	engine/engine.go:402	=====> 初始化成功🍺🍺
2021-06-11T20:19:46.228+0800	[34mINFO[0m	engine/engine.go:402	=====> 初始化数据库连接
2021-06-11T20:19:46.231+0800	[34mINFO[0m	engine/engine.go:402	=====> 初始化配置
2021-06-11T20:19:46.236+0800	[34mINFO[0m	engine/engine.go:402	=====> 初始化导航栏按钮
2021-06-11T20:19:46.236+0800	[34mINFO[0m	engine/engine.go:402	=====> 初始化插件
2021-06-11T20:19:46.237+0800	[34mINFO[0m	engine/engine.go:402	=====> 初始化成功🍺🍺
2021-06-11T20:20:00.579+0800	[34mINFO[0m	engine/engine.go:402	=====> 初始化数据库连接
2021-06-11T20:20:00.583+0800	[34mINFO[0m	engine/engine.go:402	=====> 初始化配置
2021-06-11T20:20:00.587+0800	[34mINFO[0m	engine/engine.go:402	=====> 初始化导航栏按钮
2021-06-11T20:20:00.587+0800	[34mINFO[0m	engine/engine.go:402	=====> 初始化插件
2021-06-11T20:20:00.587+0800	[34mINFO[0m	engine/engine.go:402	=====> 初始化成功🍺🍺
2021-06-11T20:21:32.725+0800	[34mINFO[0m	engine/engine.go:402	=====> 初始化数据库连接
2021-06-11T20:21:32.729+0800	[34mINFO[0m	engine/engine.go:402	=====> 初始化配置
2021-06-11T20:21:32.732+0800	[34mINFO[0m	engine/engine.go:402	=====> 初始化导航栏按钮
2021-06-11T20:21:32.732+0800	[34mINFO[0m	engine/engine.go:402	=====> 初始化插件
2021-06-11T20:21:32.732+0800	[34mINFO[0m	engine/engine.go:402	=====> 初始化成功🍺🍺
2021-06-11T20:22:48.999+0800	[34mINFO[0m	engine/engine.go:402	=====> 初始化数据库连接
2021-06-11T20:22:49.003+0800	[34mINFO[0m	engine/engine.go:402	=====> 初始化配置
2021-06-11T20:22:49.006+0800	[34mINFO[0m	engine/engine.go:402	=====> 初始化导航栏按钮
2021-06-11T20:22:49.006+0800	[34mINFO[0m	engine/engine.go:402	=====> 初始化插件
2021-06-11T20:22:49.006+0800	[34mINFO[0m	engine/engine.go:402	=====> 初始化成功🍺🍺
2021-06-11T20:23:42.063+0800	[34mINFO[0m	engine/engine.go:402	=====> 初始化数据库连接
2021-06-11T20:23:42.067+0800	[34mINFO[0m	engine/engine.go:402	=====> 初始化配置
2021-06-11T20:23:42.072+0800	[34mINFO[0m	engine/engine.go:402	=====> 初始化导航栏按钮
2021-06-11T20:23:42.073+0800	[34mINFO[0m	engine/engine.go:402	=====> 初始化插件
2021-06-11T20:23:42.073+0800	[34mINFO[0m	engine/engine.go:402	=====> 初始化成功🍺🍺
2021-06-11T20:40:07.238+0800	[34mINFO[0m	engine/engine.go:402	=====> 初始化数据库连接
2021-06-11T20:40:07.241+0800	[34mINFO[0m	engine/engine.go:402	=====> 初始化配置
2021-06-11T20:40:07.244+0800	[34mINFO[0m	engine/engine.go:402	=====> 初始化导航栏按钮
2021-06-11T20:40:07.244+0800	[34mINFO[0m	engine/engine.go:402	=====> 初始化插件
2021-06-11T20:40:07.244+0800	[34mINFO[0m	engine/engine.go:402	=====> 初始化成功🍺🍺
